<?xml version="1.0" encoding="UTF-8"?><testsuite errors="0" failures="2" name="com.gorest.userinfo.UserCurdTest" skipped="0" tests="4" time="8.48" timestamp="2023-08-08T20:12:38.714+01:00[Europe/London]"><testcase classname="com.gorest.userinfo.UserCurdTest" name="Get all user data"/><testcase classname="com.gorest.userinfo.UserCurdTest" name="Create user"/><testcase classname="com.gorest.userinfo.UserCurdTest" name="Delete user"><failure message="1 expectation failed.&#10;Expected status code &lt;204&gt; but was &lt;404&gt;.&#10;" type="java.lang.AssertionError">1 expectation failed.
Expected status code &lt;204&gt; but was &lt;404&gt;.
</failure><system-err>1 expectation failed.
Expected status code &lt;204&gt; but was &lt;404&gt;.
&#13;
io.restassured.internal.ResponseSpecificationImpl.validateResponseIfRequired(ResponseSpecificationImpl.groovy:636)&#13;
io.restassured.internal.ResponseSpecificationImpl.statusCode(ResponseSpecificationImpl.groovy:122)&#13;
io.restassured.internal.ResponseSpecificationImpl.statusCode(ResponseSpecificationImpl.groovy:130)&#13;
io.restassured.internal.ValidatableResponseOptionsImpl.statusCode(ValidatableResponseOptionsImpl.java:117)&#13;
com.gorest.userinfo.UserCurdTest.deleteUser(UserCurdTest.java:90)&#13;
</system-err></testcase><testcase classname="com.gorest.userinfo.UserCurdTest" name="Verify user updated successfully"><failure message="1 expectation failed.&#10;Expected status code &lt;200&gt; but was &lt;404&gt;.&#10;" type="java.lang.AssertionError">1 expectation failed.
Expected status code &lt;200&gt; but was &lt;404&gt;.
</failure><system-err>1 expectation failed.
Expected status code &lt;200&gt; but was &lt;404&gt;.
&#13;
io.restassured.internal.ResponseSpecificationImpl.validateResponseIfRequired(ResponseSpecificationImpl.groovy:636)&#13;
io.restassured.internal.ResponseSpecificationImpl.statusCode(ResponseSpecificationImpl.groovy:122)&#13;
io.restassured.internal.ResponseSpecificationImpl.statusCode(ResponseSpecificationImpl.groovy:130)&#13;
io.restassured.internal.ValidatableResponseOptionsImpl.statusCode(ValidatableResponseOptionsImpl.java:117)&#13;
com.gorest.userinfo.UserCurdTest.verifyUserUpdatedSuccessfully(UserCurdTest.java:76)&#13;
</system-err></testcase></testsuite>