<?xml version="1.0" encoding="UTF-8"?><testsuite errors="0" failures="3" name="com.gorest.userinfo.UserCurdTestWithSteps" skipped="0" tests="4" time="3.52" timestamp="2023-08-08T20:12:49.578+01:00[Europe/London]"><testcase classname="com.gorest.userinfo.UserCurdTestWithSteps" name="GetAll user data"/><testcase classname="com.gorest.userinfo.UserCurdTestWithSteps" name="Create User Data"><failure message="1 expectation failed.&#10;Expected status code &lt;200&gt; but was &lt;404&gt;.&#10;" type="java.lang.AssertionError">1 expectation failed.
Expected status code &lt;200&gt; but was &lt;404&gt;.
</failure><system-err>1 expectation failed.
Expected status code &lt;200&gt; but was &lt;404&gt;.
&#13;
io.restassured.internal.ResponseSpecificationImpl.validateResponseIfRequired(ResponseSpecificationImpl.groovy:636)&#13;
io.restassured.internal.ResponseSpecificationImpl.statusCode(ResponseSpecificationImpl.groovy:122)&#13;
io.restassured.internal.ResponseSpecificationImpl.statusCode(ResponseSpecificationImpl.groovy:130)&#13;
io.restassured.internal.ValidatableResponseOptionsImpl.statusCode(ValidatableResponseOptionsImpl.java:117)&#13;
com.gorest.userinfo.UserSteps.verifyUserUpdatedSuccessfully(UserSteps.java:63)&#13;
com.gorest.userinfo.UserCurdTestWithSteps.test002(UserCurdTestWithSteps.java:36)&#13;
</system-err></testcase><testcase classname="com.gorest.userinfo.UserCurdTestWithSteps" name="Update User"><failure message="1 expectation failed.&#10;Expected status code &lt;200&gt; but was &lt;404&gt;.&#10;" type="java.lang.AssertionError">1 expectation failed.
Expected status code &lt;200&gt; but was &lt;404&gt;.
</failure><system-err>1 expectation failed.
Expected status code &lt;200&gt; but was &lt;404&gt;.
&#13;
io.restassured.internal.ResponseSpecificationImpl.validateResponseIfRequired(ResponseSpecificationImpl.groovy:636)&#13;
io.restassured.internal.ResponseSpecificationImpl.statusCode(ResponseSpecificationImpl.groovy:122)&#13;
io.restassured.internal.ResponseSpecificationImpl.statusCode(ResponseSpecificationImpl.groovy:130)&#13;
io.restassured.internal.ValidatableResponseOptionsImpl.statusCode(ValidatableResponseOptionsImpl.java:117)&#13;
com.gorest.userinfo.UserSteps.verifyUserUpdatedSuccessfully(UserSteps.java:63)&#13;
com.gorest.userinfo.UserCurdTestWithSteps.test003(UserCurdTestWithSteps.java:44)&#13;
</system-err></testcase><testcase classname="com.gorest.userinfo.UserCurdTestWithSteps" name="Delete User Date"><failure message="1 expectation failed.&#10;Expected status code &lt;204&gt; but was &lt;404&gt;.&#10;" type="java.lang.AssertionError">1 expectation failed.
Expected status code &lt;204&gt; but was &lt;404&gt;.
</failure><system-err>1 expectation failed.
Expected status code &lt;204&gt; but was &lt;404&gt;.
&#13;
io.restassured.internal.ResponseSpecificationImpl.validateResponseIfRequired(ResponseSpecificationImpl.groovy:636)&#13;
io.restassured.internal.ResponseSpecificationImpl.statusCode(ResponseSpecificationImpl.groovy:122)&#13;
io.restassured.internal.ResponseSpecificationImpl.statusCode(ResponseSpecificationImpl.groovy:130)&#13;
io.restassured.internal.ValidatableResponseOptionsImpl.statusCode(ValidatableResponseOptionsImpl.java:117)&#13;
com.gorest.userinfo.UserSteps.deleteUser(UserSteps.java:76)&#13;
com.gorest.userinfo.UserCurdTestWithSteps.test004(UserCurdTestWithSteps.java:51)&#13;
</system-err></testcase></testsuite>